[0.451s] [34mcolcon[0m [1;30mDEBUG[0m [32mCommand line arguments: ['/Users/vishal/miniconda3/envs/ros_env/bin/colcon', 'build', '--symlink-install'][0m
[0.451s] [34mcolcon[0m [1;30mDEBUG[0m [32mParsed command line arguments: Namespace(log_base=None, log_level=None, verb_name='build', build_base='build', install_base='install', merge_install=False, symlink_install=True, test_result_base=None, continue_on_error=False, executor='parallel', parallel_workers=11, event_handlers=None, ignore_user_meta=False, metas=['./colcon.meta'], base_paths=['.'], packages_ignore=None, packages_ignore_regex=None, paths=None, packages_up_to=None, packages_up_to_regex=None, packages_above=None, packages_above_and_dependencies=None, packages_above_depth=None, packages_select_by_dep=None, packages_skip_by_dep=None, packages_skip_up_to=None, packages_select_build_failed=False, packages_skip_build_finished=False, packages_select_test_failures=False, packages_skip_test_passed=False, packages_select=None, packages_skip=None, packages_select_regex=None, packages_skip_regex=None, packages_start=None, packages_end=None, cmake_args=None, cmake_target=None, cmake_target_skip_unavailable=False, cmake_clean_cache=False, cmake_clean_first=False, cmake_force_configure=False, ament_cmake_args=None, catkin_cmake_args=None, catkin_skip_building_tests=False, verb_parser=<colcon_defaults.argument_parser.defaults.DefaultArgumentsDecorator object at 0x103d60b10>, verb_extension=<colcon_core.verb.build.BuildVerb object at 0x10446ca90>, main=<bound method BuildVerb.main of <colcon_core.verb.build.BuildVerb object at 0x10446ca90>>)[0m
[0.618s] [34mcolcon.colcon_core.package_discovery[0m [1;30mLevel 1[0m discover_packages(colcon_meta) check parameters
[0.618s] [34mcolcon.colcon_core.package_discovery[0m [1;30mLevel 1[0m discover_packages(recursive) check parameters
[0.618s] [34mcolcon.colcon_core.package_discovery[0m [1;30mLevel 1[0m discover_packages(ignore) check parameters
[0.618s] [34mcolcon.colcon_core.package_discovery[0m [1;30mLevel 1[0m discover_packages(path) check parameters
[0.618s] [34mcolcon.colcon_core.package_discovery[0m [1;30mLevel 1[0m discover_packages(colcon_meta) discover
[0.618s] [34mcolcon.colcon_core.package_discovery[0m [1;30mLevel 1[0m discover_packages(recursive) discover
[0.618s] [34mcolcon.colcon_core.package_discovery[0m [1;30mINFO[0m Crawling recursively for packages in '/Users/vishal/Documents/Projects/tars_manipulator_sim'
[0.618s] [34mcolcon.colcon_core.package_identification[0m [1;30mLevel 1[0m _identify(.) by extensions ['ignore', 'ignore_ament_install']
[0.618s] [34mcolcon.colcon_core.package_identification[0m [1;30mLevel 1[0m _identify(.) by extension 'ignore'
[0.618s] [34mcolcon.colcon_core.package_identification[0m [1;30mLevel 1[0m _identify(.) by extension 'ignore_ament_install'
[0.618s] [34mcolcon.colcon_core.package_identification[0m [1;30mLevel 1[0m _identify(.) by extensions ['colcon_pkg']
[0.618s] [34mcolcon.colcon_core.package_identification[0m [1;30mLevel 1[0m _identify(.) by extension 'colcon_pkg'
[0.618s] [34mcolcon.colcon_core.package_identification[0m [1;30mLevel 1[0m _identify(.) by extensions ['colcon_meta']
[0.618s] [34mcolcon.colcon_core.package_identification[0m [1;30mLevel 1[0m _identify(.) by extension 'colcon_meta'
[0.618s] [34mcolcon.colcon_core.package_identification[0m [1;30mLevel 1[0m _identify(.) by extensions ['ros']
[0.618s] [34mcolcon.colcon_core.package_identification[0m [1;30mLevel 1[0m _identify(.) by extension 'ros'
[0.639s] [34mcolcon.colcon_core.package_identification[0m [1;30mLevel 1[0m _identify(.) by extensions ['cmake', 'python']
[0.639s] [34mcolcon.colcon_core.package_identification[0m [1;30mLevel 1[0m _identify(.) by extension 'cmake'
[0.639s] [34mcolcon.colcon_core.package_identification[0m [1;30mLevel 1[0m _identify(.) by extension 'python'
[0.639s] [34mcolcon.colcon_core.package_identification[0m [1;30mLevel 1[0m _identify(.) by extensions ['python_setup_py']
[0.639s] [34mcolcon.colcon_core.package_identification[0m [1;30mLevel 1[0m _identify(.) by extension 'python_setup_py'
[0.639s] [34mcolcon.colcon_core.package_identification[0m [1;30mLevel 1[0m _identify(build) by extensions ['ignore', 'ignore_ament_install']
[0.639s] [34mcolcon.colcon_core.package_identification[0m [1;30mLevel 1[0m _identify(build) by extension 'ignore'
[0.639s] [34mcolcon.colcon_core.package_identification[0m [1;30mLevel 1[0m _identify(build) ignored
[0.639s] [34mcolcon.colcon_core.package_identification[0m [1;30mLevel 1[0m _identify(install) by extensions ['ignore', 'ignore_ament_install']
[0.639s] [34mcolcon.colcon_core.package_identification[0m [1;30mLevel 1[0m _identify(install) by extension 'ignore'
[0.639s] [34mcolcon.colcon_core.package_identification[0m [1;30mLevel 1[0m _identify(install) ignored
[0.639s] [34mcolcon.colcon_core.package_identification[0m [1;30mLevel 1[0m _identify(log) by extensions ['ignore', 'ignore_ament_install']
[0.639s] [34mcolcon.colcon_core.package_identification[0m [1;30mLevel 1[0m _identify(log) by extension 'ignore'
[0.639s] [34mcolcon.colcon_core.package_identification[0m [1;30mLevel 1[0m _identify(log) ignored
[0.640s] [34mcolcon.colcon_core.package_identification[0m [1;30mLevel 1[0m _identify(src) by extensions ['ignore', 'ignore_ament_install']
[0.640s] [34mcolcon.colcon_core.package_identification[0m [1;30mLevel 1[0m _identify(src) by extension 'ignore'
[0.640s] [34mcolcon.colcon_core.package_identification[0m [1;30mLevel 1[0m _identify(src) by extension 'ignore_ament_install'
[0.640s] [34mcolcon.colcon_core.package_identification[0m [1;30mLevel 1[0m _identify(src) by extensions ['colcon_pkg']
[0.640s] [34mcolcon.colcon_core.package_identification[0m [1;30mLevel 1[0m _identify(src) by extension 'colcon_pkg'
[0.640s] [34mcolcon.colcon_core.package_identification[0m [1;30mLevel 1[0m _identify(src) by extensions ['colcon_meta']
[0.640s] [34mcolcon.colcon_core.package_identification[0m [1;30mLevel 1[0m _identify(src) by extension 'colcon_meta'
[0.640s] [34mcolcon.colcon_core.package_identification[0m [1;30mLevel 1[0m _identify(src) by extensions ['ros']
[0.640s] [34mcolcon.colcon_core.package_identification[0m [1;30mLevel 1[0m _identify(src) by extension 'ros'
[0.642s] [34mcolcon.colcon_core.package_identification[0m [1;30mDEBUG[0m [32mPackage 'src' with type 'ros.ament_cmake' and name 'tarsarm_sim'[0m
[0.642s] [34mcolcon.colcon_core.package_discovery[0m [1;30mLevel 1[0m discover_packages(recursive) using defaults
[0.642s] [34mcolcon.colcon_core.package_discovery[0m [1;30mLevel 1[0m discover_packages(ignore) discover
[0.642s] [34mcolcon.colcon_core.package_discovery[0m [1;30mLevel 1[0m discover_packages(ignore) using defaults
[0.642s] [34mcolcon.colcon_core.package_discovery[0m [1;30mLevel 1[0m discover_packages(path) discover
[0.642s] [34mcolcon.colcon_core.package_discovery[0m [1;30mLevel 1[0m discover_packages(path) using defaults
[0.662s] [34mcolcon.colcon_core.verb[0m [1;30mLevel 5[0m set package 'tarsarm_sim' build argument 'cmake_args' from command line to 'None'
[0.662s] [34mcolcon.colcon_core.verb[0m [1;30mLevel 5[0m set package 'tarsarm_sim' build argument 'cmake_target' from command line to 'None'
[0.662s] [34mcolcon.colcon_core.verb[0m [1;30mLevel 5[0m set package 'tarsarm_sim' build argument 'cmake_target_skip_unavailable' from command line to 'False'
[0.662s] [34mcolcon.colcon_core.verb[0m [1;30mLevel 5[0m set package 'tarsarm_sim' build argument 'cmake_clean_cache' from command line to 'False'
[0.662s] [34mcolcon.colcon_core.verb[0m [1;30mLevel 5[0m set package 'tarsarm_sim' build argument 'cmake_clean_first' from command line to 'False'
[0.662s] [34mcolcon.colcon_core.verb[0m [1;30mLevel 5[0m set package 'tarsarm_sim' build argument 'cmake_force_configure' from command line to 'False'
[0.662s] [34mcolcon.colcon_core.verb[0m [1;30mLevel 5[0m set package 'tarsarm_sim' build argument 'ament_cmake_args' from command line to 'None'
[0.662s] [34mcolcon.colcon_core.verb[0m [1;30mLevel 5[0m set package 'tarsarm_sim' build argument 'catkin_cmake_args' from command line to 'None'
[0.662s] [34mcolcon.colcon_core.verb[0m [1;30mLevel 5[0m set package 'tarsarm_sim' build argument 'catkin_skip_building_tests' from command line to 'False'
[0.663s] [34mcolcon.colcon_core.verb[0m [1;30mDEBUG[0m [32mBuilding package 'tarsarm_sim' with the following arguments: {'ament_cmake_args': None, 'build_base': '/Users/vishal/Documents/Projects/tars_manipulator_sim/build/tarsarm_sim', 'catkin_cmake_args': None, 'catkin_skip_building_tests': False, 'cmake_args': None, 'cmake_clean_cache': False, 'cmake_clean_first': False, 'cmake_force_configure': False, 'cmake_target': None, 'cmake_target_skip_unavailable': False, 'install_base': '/Users/vishal/Documents/Projects/tars_manipulator_sim/install/tarsarm_sim', 'merge_install': False, 'path': '/Users/vishal/Documents/Projects/tars_manipulator_sim/src', 'symlink_install': True, 'test_result_base': None}[0m
[0.663s] [34mcolcon.colcon_core.executor[0m [1;30mINFO[0m Executing jobs using 'parallel' executor
[0.663s] [34mcolcon.colcon_parallel_executor.executor.parallel[0m [1;30mDEBUG[0m [32mrun_until_complete[0m
[0.663s] [34mcolcon.colcon_ros.task.ament_cmake.build[0m [1;30mINFO[0m Building ROS package in '/Users/vishal/Documents/Projects/tars_manipulator_sim/src' with build type 'ament_cmake'
[0.663s] [34mcolcon.colcon_cmake.task.cmake.build[0m [1;30mINFO[0m Building CMake package in '/Users/vishal/Documents/Projects/tars_manipulator_sim/src'
[0.665s] [34mcolcon.colcon_core.plugin_system[0m [1;30mINFO[0m Skipping extension 'colcon_core.shell.bat': Not used on non-Windows systems
[0.665s] [34mcolcon.colcon_core.shell[0m [1;30mINFO[0m Skip shell extension 'powershell' for command environment: Not usable outside of PowerShell
[0.665s] [34mcolcon.colcon_core.shell[0m [1;30mDEBUG[0m [32mSkip shell extension 'dsv' for command environment[0m
[0.711s] [34mcolcon.colcon_core.event_handler.log_command[0m [1;30mDEBUG[0m [32mInvoking command in '/Users/vishal/Documents/Projects/tars_manipulator_sim/build/tarsarm_sim': CONDA_PROMPT_MODIFIER=(ros_env) SHLVL=2 _=/Users/vishal/miniconda3/envs/ros_env/bin/env __CF_USER_TEXT_ENCODING=0x1F5:0x0:0x64 /Users/vishal/miniconda3/envs/ros_env/bin/cmake /Users/vishal/Documents/Projects/tars_manipulator_sim/src -DAMENT_CMAKE_SYMLINK_INSTALL=1 -DCMAKE_INSTALL_PREFIX=/Users/vishal/Documents/Projects/tars_manipulator_sim/install/tarsarm_sim[0m
[3.891s] [34mcolcon.colcon_core.event_handler.log_command[0m [1;30mDEBUG[0m [32mInvoked command in '/Users/vishal/Documents/Projects/tars_manipulator_sim/build/tarsarm_sim' returned '0': CONDA_PROMPT_MODIFIER=(ros_env) SHLVL=2 _=/Users/vishal/miniconda3/envs/ros_env/bin/env __CF_USER_TEXT_ENCODING=0x1F5:0x0:0x64 /Users/vishal/miniconda3/envs/ros_env/bin/cmake /Users/vishal/Documents/Projects/tars_manipulator_sim/src -DAMENT_CMAKE_SYMLINK_INSTALL=1 -DCMAKE_INSTALL_PREFIX=/Users/vishal/Documents/Projects/tars_manipulator_sim/install/tarsarm_sim[0m
[3.893s] [34mcolcon.colcon_core.event_handler.log_command[0m [1;30mDEBUG[0m [32mInvoking command in '/Users/vishal/Documents/Projects/tars_manipulator_sim/build/tarsarm_sim': CONDA_PROMPT_MODIFIER=(ros_env) SHLVL=2 _=/Users/vishal/miniconda3/envs/ros_env/bin/env __CF_USER_TEXT_ENCODING=0x1F5:0x0:0x64 /Users/vishal/miniconda3/envs/ros_env/bin/cmake --build /Users/vishal/Documents/Projects/tars_manipulator_sim/build/tarsarm_sim -- -j11 -l11[0m
[3.932s] [34mcolcon.colcon_core.event_handler.log_command[0m [1;30mDEBUG[0m [32mInvoked command in '/Users/vishal/Documents/Projects/tars_manipulator_sim/build/tarsarm_sim' returned '0': CONDA_PROMPT_MODIFIER=(ros_env) SHLVL=2 _=/Users/vishal/miniconda3/envs/ros_env/bin/env __CF_USER_TEXT_ENCODING=0x1F5:0x0:0x64 /Users/vishal/miniconda3/envs/ros_env/bin/cmake --build /Users/vishal/Documents/Projects/tars_manipulator_sim/build/tarsarm_sim -- -j11 -l11[0m
[3.987s] [34mcolcon.colcon_core.event_handler.log_command[0m [1;30mDEBUG[0m [32mInvoking command in '/Users/vishal/Documents/Projects/tars_manipulator_sim/build/tarsarm_sim': CONDA_PROMPT_MODIFIER=(ros_env) SHLVL=2 _=/Users/vishal/miniconda3/envs/ros_env/bin/env __CF_USER_TEXT_ENCODING=0x1F5:0x0:0x64 /Users/vishal/miniconda3/envs/ros_env/bin/cmake --install /Users/vishal/Documents/Projects/tars_manipulator_sim/build/tarsarm_sim[0m
[4.426s] [34mcolcon.colcon_core.environment[0m [1;30mLevel 1[0m create_environment_scripts_only(tarsarm_sim)
[4.426s] [34mcolcon.colcon_core.event_handler.log_command[0m [1;30mDEBUG[0m [32mInvoked command in '/Users/vishal/Documents/Projects/tars_manipulator_sim/build/tarsarm_sim' returned '0': CONDA_PROMPT_MODIFIER=(ros_env) SHLVL=2 _=/Users/vishal/miniconda3/envs/ros_env/bin/env __CF_USER_TEXT_ENCODING=0x1F5:0x0:0x64 /Users/vishal/miniconda3/envs/ros_env/bin/cmake --install /Users/vishal/Documents/Projects/tars_manipulator_sim/build/tarsarm_sim[0m
[4.428s] [34mcolcon.colcon_core.environment[0m [1;30mLevel 1[0m checking '/Users/vishal/Documents/Projects/tars_manipulator_sim/install/tarsarm_sim' for CMake module files
[4.429s] [34mcolcon.colcon_core.environment[0m [1;30mLevel 1[0m checking '/Users/vishal/Documents/Projects/tars_manipulator_sim/install/tarsarm_sim' for CMake config files
[4.429s] [34mcolcon.colcon_core.shell[0m [1;30mLevel 1[0m create_environment_hook('tarsarm_sim', 'cmake_prefix_path')
[4.429s] [34mcolcon.colcon_core.shell[0m [1;30mINFO[0m Creating environment hook '/Users/vishal/Documents/Projects/tars_manipulator_sim/install/tarsarm_sim/share/tarsarm_sim/hook/cmake_prefix_path.ps1'
[4.429s] [34mcolcon.colcon_core.shell[0m [1;30mINFO[0m Creating environment descriptor '/Users/vishal/Documents/Projects/tars_manipulator_sim/install/tarsarm_sim/share/tarsarm_sim/hook/cmake_prefix_path.dsv'
[4.430s] [34mcolcon.colcon_core.shell[0m [1;30mINFO[0m Creating environment hook '/Users/vishal/Documents/Projects/tars_manipulator_sim/install/tarsarm_sim/share/tarsarm_sim/hook/cmake_prefix_path.sh'
[4.430s] [34mcolcon.colcon_core.environment[0m [1;30mLevel 1[0m checking '/Users/vishal/Documents/Projects/tars_manipulator_sim/install/tarsarm_sim/lib'
[4.431s] [34mcolcon.colcon_core.environment[0m [1;30mLevel 1[0m checking '/Users/vishal/Documents/Projects/tars_manipulator_sim/install/tarsarm_sim/bin'
[4.431s] [34mcolcon.colcon_core.environment[0m [1;30mLevel 1[0m checking '/Users/vishal/Documents/Projects/tars_manipulator_sim/install/tarsarm_sim/lib/pkgconfig/tarsarm_sim.pc'
[4.431s] [34mcolcon.colcon_core.environment[0m [1;30mLevel 1[0m checking '/Users/vishal/Documents/Projects/tars_manipulator_sim/install/tarsarm_sim/lib/python3.11/site-packages'
[4.431s] [34mcolcon.colcon_core.environment[0m [1;30mLevel 1[0m checking '/Users/vishal/Documents/Projects/tars_manipulator_sim/install/tarsarm_sim/bin'
[4.431s] [34mcolcon.colcon_core.shell[0m [1;30mINFO[0m Creating package script '/Users/vishal/Documents/Projects/tars_manipulator_sim/install/tarsarm_sim/share/tarsarm_sim/package.ps1'
[4.432s] [34mcolcon.colcon_core.shell[0m [1;30mINFO[0m Creating package descriptor '/Users/vishal/Documents/Projects/tars_manipulator_sim/install/tarsarm_sim/share/tarsarm_sim/package.dsv'
[4.432s] [34mcolcon.colcon_core.shell[0m [1;30mINFO[0m Creating package script '/Users/vishal/Documents/Projects/tars_manipulator_sim/install/tarsarm_sim/share/tarsarm_sim/package.sh'
[4.433s] [34mcolcon.colcon_core.shell[0m [1;30mINFO[0m Creating package script '/Users/vishal/Documents/Projects/tars_manipulator_sim/install/tarsarm_sim/share/tarsarm_sim/package.bash'
[4.433s] [34mcolcon.colcon_core.shell[0m [1;30mINFO[0m Creating package script '/Users/vishal/Documents/Projects/tars_manipulator_sim/install/tarsarm_sim/share/tarsarm_sim/package.zsh'
[4.433s] [34mcolcon.colcon_core.environment[0m [1;30mLevel 1[0m create_file_with_runtime_dependencies(/Users/vishal/Documents/Projects/tars_manipulator_sim/install/tarsarm_sim/share/colcon-core/packages/tarsarm_sim)
[4.473s] [34mcolcon.colcon_core.environment[0m [1;30mLevel 1[0m create_environment_scripts_only(tarsarm_sim)
[4.473s] [34mcolcon.colcon_core.environment[0m [1;30mLevel 1[0m checking '/Users/vishal/Documents/Projects/tars_manipulator_sim/install/tarsarm_sim' for CMake module files
[4.473s] [34mcolcon.colcon_core.environment[0m [1;30mLevel 1[0m checking '/Users/vishal/Documents/Projects/tars_manipulator_sim/install/tarsarm_sim' for CMake config files
[4.474s] [34mcolcon.colcon_core.shell[0m [1;30mLevel 1[0m create_environment_hook('tarsarm_sim', 'cmake_prefix_path')
[4.474s] [34mcolcon.colcon_core.shell[0m [1;30mINFO[0m Creating environment hook '/Users/vishal/Documents/Projects/tars_manipulator_sim/install/tarsarm_sim/share/tarsarm_sim/hook/cmake_prefix_path.ps1'
[4.474s] [34mcolcon.colcon_core.shell[0m [1;30mINFO[0m Creating environment descriptor '/Users/vishal/Documents/Projects/tars_manipulator_sim/install/tarsarm_sim/share/tarsarm_sim/hook/cmake_prefix_path.dsv'
[4.474s] [34mcolcon.colcon_core.shell[0m [1;30mINFO[0m Creating environment hook '/Users/vishal/Documents/Projects/tars_manipulator_sim/install/tarsarm_sim/share/tarsarm_sim/hook/cmake_prefix_path.sh'
[4.474s] [34mcolcon.colcon_core.environment[0m [1;30mLevel 1[0m checking '/Users/vishal/Documents/Projects/tars_manipulator_sim/install/tarsarm_sim/lib'
[4.474s] [34mcolcon.colcon_core.environment[0m [1;30mLevel 1[0m checking '/Users/vishal/Documents/Projects/tars_manipulator_sim/install/tarsarm_sim/bin'
[4.474s] [34mcolcon.colcon_core.environment[0m [1;30mLevel 1[0m checking '/Users/vishal/Documents/Projects/tars_manipulator_sim/install/tarsarm_sim/lib/pkgconfig/tarsarm_sim.pc'
[4.475s] [34mcolcon.colcon_core.environment[0m [1;30mLevel 1[0m checking '/Users/vishal/Documents/Projects/tars_manipulator_sim/install/tarsarm_sim/lib/python3.11/site-packages'
[4.475s] [34mcolcon.colcon_core.environment[0m [1;30mLevel 1[0m checking '/Users/vishal/Documents/Projects/tars_manipulator_sim/install/tarsarm_sim/bin'
[4.475s] [34mcolcon.colcon_core.shell[0m [1;30mINFO[0m Creating package script '/Users/vishal/Documents/Projects/tars_manipulator_sim/install/tarsarm_sim/share/tarsarm_sim/package.ps1'
[4.475s] [34mcolcon.colcon_core.shell[0m [1;30mINFO[0m Creating package descriptor '/Users/vishal/Documents/Projects/tars_manipulator_sim/install/tarsarm_sim/share/tarsarm_sim/package.dsv'
[4.475s] [34mcolcon.colcon_core.shell[0m [1;30mINFO[0m Creating package script '/Users/vishal/Documents/Projects/tars_manipulator_sim/install/tarsarm_sim/share/tarsarm_sim/package.sh'
[4.475s] [34mcolcon.colcon_core.shell[0m [1;30mINFO[0m Creating package script '/Users/vishal/Documents/Projects/tars_manipulator_sim/install/tarsarm_sim/share/tarsarm_sim/package.bash'
[4.475s] [34mcolcon.colcon_core.shell[0m [1;30mINFO[0m Creating package script '/Users/vishal/Documents/Projects/tars_manipulator_sim/install/tarsarm_sim/share/tarsarm_sim/package.zsh'
[4.476s] [34mcolcon.colcon_core.environment[0m [1;30mLevel 1[0m create_file_with_runtime_dependencies(/Users/vishal/Documents/Projects/tars_manipulator_sim/install/tarsarm_sim/share/colcon-core/packages/tarsarm_sim)
[4.476s] [34mcolcon.colcon_parallel_executor.executor.parallel[0m [1;30mDEBUG[0m [32mclosing loop[0m
[4.476s] [34mcolcon.colcon_parallel_executor.executor.parallel[0m [1;30mDEBUG[0m [32mloop closed[0m
[4.476s] [34mcolcon.colcon_parallel_executor.executor.parallel[0m [1;30mDEBUG[0m [32mrun_until_complete finished with '0'[0m
[4.476s] [34mcolcon.colcon_core.event_reactor[0m [1;30mDEBUG[0m [32mjoining thread[0m
[4.478s] [34mcolcon.colcon_core.plugin_system[0m [1;30mINFO[0m Skipping extension 'colcon_notification.desktop_notification.notify2': 'notify2' not found
[4.478s] [34mcolcon.colcon_core.plugin_system[0m [1;30mINFO[0m Skipping extension 'colcon_notification.desktop_notification.notify_send': Not used on non-Linux systems
[4.478s] [34mcolcon.colcon_core.plugin_system[0m [1;30mINFO[0m Skipping extension 'colcon_notification.desktop_notification.win32': Not used on non-Windows systems
[4.478s] [34mcolcon.colcon_notification.desktop_notification[0m [1;30mINFO[0m Sending desktop notification using 'terminal_notifier'
[4.563s] [34mcolcon.colcon_core.event_reactor[0m [1;30mDEBUG[0m [32mjoined thread[0m
[4.564s] [34mcolcon.colcon_core.shell[0m [1;30mINFO[0m Creating prefix script '/Users/vishal/Documents/Projects/tars_manipulator_sim/install/local_setup.ps1'
[4.565s] [34mcolcon.colcon_core.shell[0m [1;30mINFO[0m Creating prefix util module '/Users/vishal/Documents/Projects/tars_manipulator_sim/install/_local_setup_util_ps1.py'
[4.566s] [34mcolcon.colcon_core.shell[0m [1;30mINFO[0m Creating prefix chain script '/Users/vishal/Documents/Projects/tars_manipulator_sim/install/setup.ps1'
[4.567s] [34mcolcon.colcon_core.shell[0m [1;30mINFO[0m Creating prefix script '/Users/vishal/Documents/Projects/tars_manipulator_sim/install/local_setup.sh'
[4.568s] [34mcolcon.colcon_core.shell[0m [1;30mINFO[0m Creating prefix util module '/Users/vishal/Documents/Projects/tars_manipulator_sim/install/_local_setup_util_sh.py'
[4.568s] [34mcolcon.colcon_core.shell[0m [1;30mINFO[0m Creating prefix chain script '/Users/vishal/Documents/Projects/tars_manipulator_sim/install/setup.sh'
[4.569s] [34mcolcon.colcon_core.shell[0m [1;30mINFO[0m Creating prefix script '/Users/vishal/Documents/Projects/tars_manipulator_sim/install/local_setup.bash'
[4.569s] [34mcolcon.colcon_core.shell[0m [1;30mINFO[0m Creating prefix chain script '/Users/vishal/Documents/Projects/tars_manipulator_sim/install/setup.bash'
[4.570s] [34mcolcon.colcon_core.shell[0m [1;30mINFO[0m Creating prefix script '/Users/vishal/Documents/Projects/tars_manipulator_sim/install/local_setup.zsh'
[4.570s] [34mcolcon.colcon_core.shell[0m [1;30mINFO[0m Creating prefix chain script '/Users/vishal/Documents/Projects/tars_manipulator_sim/install/setup.zsh'
